c:\onedrive\sync\jcpimmultibandv2\jcpimmultibandv2\debug\vc120.pdb
c:\onedrive\sync\jcpimmultibandv2\jcpimmultibandv2\debug\vc120.idb
c:\onedrive\sync\jcpimmultibandv2\jcpimmultibandv2\debug\cppsqlite3.obj
c:\onedrive\sync\jcpimmultibandv2\jcpimmultibandv2\debug\dllmain.obj
c:\onedrive\sync\jcpimmultibandv2\jcpimmultibandv2\debug\jcapi.obj
c:\onedrive\sync\jcpimmultibandv2\jcpimmultibandv2\debug\jcoffsetdb.obj
c:\onedrive\sync\jcpimmultibandv2\jcpimmultibandv2\debug\jccommonapi.obj
c:\onedrive\sync\jcpimmultibandv2\jcpimmultibandv2\debug\jcdes.obj
c:\onedrive\sync\jcpimmultibandv2\jcpimmultibandv2\debug\clsanarsfspserial.obj
c:\onedrive\sync\jcpimmultibandv2\jcpimmultibandv2\debug\clssigrssmxserial.obj
c:\onedrive\sync\jcpimmultibandv2\jcpimmultibandv2\debug\stdafx.obj
c:\onedrive\sync\jcpimmultibandv2\jcpimmultibandv2\debug\clsjcswitch.obj
c:\onedrive\sync\jcpimmultibandv2\jcpimmultibandv2\debug\com_io_ctl.obj
c:\onedrive\sync\jcpimmultibandv2\jcpimmultibandv2\debug\implementsetting.obj
c:\onedrive\sync\jcpimmultibandv2\jcpimmultibandv2\debug\jcmatrixswitch.obj
c:\onedrive\sync\jcpimmultibandv2\jcpimmultibandv2\debug\clssigtektsg4000.obj
c:\onedrive\sync\jcpimmultibandv2\jcpimmultibandv2\debug\sqlite3.obj
c:\onedrive\sync\jcpimmultibandv2\debug\jcpimmultibandv2.lib
c:\onedrive\sync\jcpimmultibandv2\debug\jcpimmultibandv2.exp
c:\onedrive\sync\jcpimmultibandv2\debug\jcpimmultibandv2.ilk
c:\onedrive\sync\jcpimmultibandv2\debug\jcpimmultibandv2.dll
c:\onedrive\sync\jcpimmultibandv2\debug\jcpimmultibandv2.pdb
c:\onedrive\sync\jcpimmultibandv2\jcpimmultibandv2\debug\jcpimmultibandv2.res
c:\onedrive\sync\jcpimmultibandv2\jcpimmultibandv2\debug\jcpimmultibandv2.tlog\cl.command.1.tlog
c:\onedrive\sync\jcpimmultibandv2\jcpimmultibandv2\debug\jcpimmultibandv2.tlog\cl.read.1.tlog
c:\onedrive\sync\jcpimmultibandv2\jcpimmultibandv2\debug\jcpimmultibandv2.tlog\cl.write.1.tlog
c:\onedrive\sync\jcpimmultibandv2\jcpimmultibandv2\debug\jcpimmultibandv2.tlog\jcpimmultibandv2.write.1u.tlog
c:\onedrive\sync\jcpimmultibandv2\jcpimmultibandv2\debug\jcpimmultibandv2.tlog\link.command.1.tlog
c:\onedrive\sync\jcpimmultibandv2\jcpimmultibandv2\debug\jcpimmultibandv2.tlog\link.read.1.tlog
c:\onedrive\sync\jcpimmultibandv2\jcpimmultibandv2\debug\jcpimmultibandv2.tlog\link.write.1.tlog
c:\onedrive\sync\jcpimmultibandv2\jcpimmultibandv2\debug\jcpimmultibandv2.tlog\rc.command.1.tlog
c:\onedrive\sync\jcpimmultibandv2\jcpimmultibandv2\debug\jcpimmultibandv2.tlog\rc.read.1.tlog
c:\onedrive\sync\jcpimmultibandv2\jcpimmultibandv2\debug\jcpimmultibandv2.tlog\rc.write.1.tlog
