c:\onedrive\sync\jcpimmultibandv2\jcpimmultibandv2\release\vc120.pdb
c:\onedrive\sync\jcpimmultibandv2\jcpimmultibandv2\release\clssigtektsg4000.obj
c:\onedrive\sync\jcpimmultibandv2\jcpimmultibandv2\release\jcmatrixswitch.obj
c:\onedrive\sync\jcpimmultibandv2\jcpimmultibandv2\release\implementsetting.obj
c:\onedrive\sync\jcpimmultibandv2\jcpimmultibandv2\release\com_io_ctl.obj
c:\onedrive\sync\jcpimmultibandv2\jcpimmultibandv2\release\clsjcswitch.obj
c:\onedrive\sync\jcpimmultibandv2\jcpimmultibandv2\release\stdafx.obj
c:\onedrive\sync\jcpimmultibandv2\jcpimmultibandv2\release\clssigrssmxserial.obj
c:\onedrive\sync\jcpimmultibandv2\jcpimmultibandv2\release\clsanarsfspserial.obj
c:\onedrive\sync\jcpimmultibandv2\jcpimmultibandv2\release\jccommonapi.obj
c:\onedrive\sync\jcpimmultibandv2\jcpimmultibandv2\release\jcoffsetdb.obj
c:\onedrive\sync\jcpimmultibandv2\jcpimmultibandv2\release\jcapi.obj
c:\onedrive\sync\jcpimmultibandv2\jcpimmultibandv2\release\dllmain.obj
c:\onedrive\sync\jcpimmultibandv2\jcpimmultibandv2\release\cppsqlite3.obj
c:\onedrive\sync\jcpimmultibandv2\jcpimmultibandv2\release\sqlite3.obj
c:\onedrive\sync\jcpimmultibandv2\release\jcpimmultibandv2.lib
c:\onedrive\sync\jcpimmultibandv2\release\jcpimmultibandv2.exp
c:\onedrive\sync\jcpimmultibandv2\release\jcpimmultibandv2.dll
c:\onedrive\sync\jcpimmultibandv2\release\jcpimmultibandv2.pdb
c:\onedrive\sync\jcpimmultibandv2\jcpimmultibandv2\release\jcpimmultibandv2.res
c:\onedrive\sync\jcpimmultibandv2\jcpimmultibandv2\release\jcpimmultibandv2.tlog\cl.command.1.tlog
c:\onedrive\sync\jcpimmultibandv2\jcpimmultibandv2\release\jcpimmultibandv2.tlog\cl.read.1.tlog
c:\onedrive\sync\jcpimmultibandv2\jcpimmultibandv2\release\jcpimmultibandv2.tlog\cl.write.1.tlog
c:\onedrive\sync\jcpimmultibandv2\jcpimmultibandv2\release\jcpimmultibandv2.tlog\jcpimmultibandv2.write.1u.tlog
c:\onedrive\sync\jcpimmultibandv2\jcpimmultibandv2\release\jcpimmultibandv2.tlog\link.command.1.tlog
c:\onedrive\sync\jcpimmultibandv2\jcpimmultibandv2\release\jcpimmultibandv2.tlog\link.read.1.tlog
c:\onedrive\sync\jcpimmultibandv2\jcpimmultibandv2\release\jcpimmultibandv2.tlog\link.write.1.tlog
c:\onedrive\sync\jcpimmultibandv2\jcpimmultibandv2\release\jcpimmultibandv2.tlog\rc.command.1.tlog
c:\onedrive\sync\jcpimmultibandv2\jcpimmultibandv2\release\jcpimmultibandv2.tlog\rc.read.1.tlog
c:\onedrive\sync\jcpimmultibandv2\jcpimmultibandv2\release\jcpimmultibandv2.tlog\rc.write.1.tlog
